<?xml version="1.0" encoding="UTF-8"?>
<!-- Generated by org.testng.reporters.JUnitXMLReporter -->
<testsuite ignored="2" hostname="DESKTOP-9CC8H0S" failures="0" tests="1" name="Command line test" time="5.117" errors="0" timestamp="01 Feb 2024 03:55:12 GMT">
  <testcase classname="com.searchengine.qa.tests.SearchEngineTest" name="@BeforeClass verifyResultsSetup" time="0.0">
    <failure type="java.lang.NullPointerException" message="Cannot invoke &amp;quot;java.util.Properties.getProperty(String)&amp;quot; because &amp;quot;this.prop&amp;quot; is null">
      <![CDATA[java.lang.NullPointerException: Cannot invoke "java.util.Properties.getProperty(String)" because "this.prop" is null
at com.searchengine.qa.tests.SearchEngineTest.verifyResultsSetup(SearchEngineTest.java:16)
... Removed 36 stack frames]]>
    </failure>
  </testcase> <!-- @BeforeClass verifyResultsSetup -->
  <testcase classname="com.searchengine.qa.tests.SearchEngineTest" name="searchAndVerifyFirstResult" time="0.0">
    <skipped/>
  </testcase> <!-- searchAndVerifyFirstResult -->
  <testcase classname="com.searchengine.qa.basetest.BaseTest" name="@AfterTest tearDown" time="0.0">
    <ignored/>
  </testcase> <!-- @AfterTest tearDown -->
  <testcase classname="com.searchengine.qa.basetest.BaseTest" name="@BeforeTest setUp" time="0.0">
    <ignored/>
  </testcase> <!-- @BeforeTest setUp -->
</testsuite> <!-- Command line test -->
