-------------------------------------------------------------------------------
Test set: TestSuite
-------------------------------------------------------------------------------
Tests run: 2, Failures: 1, Errors: 0, Skipped: 1, Time elapsed: 5.685 sec <<< FAILURE!
verifyResultsSetup(com.searchengine.qa.tests.SearchEngineTest)  Time elapsed: 4.805 sec  <<< FAILURE!
java.lang.NullPointerException: Cannot invoke "java.util.Properties.getProperty(String)" because "this.prop" is null
	at com.searchengine.qa.tests.SearchEngineTest.verifyResultsSetup(SearchEngineTest.java:16)

