<?xml version="1.0" encoding="UTF-8" ?>
<testsuite tests="2" failures="1" name="TestSuite" time="9.618" errors="0" skipped="1">
  <properties>
[...]
</properties>
  <testcase classname="com.searchengine.qa.tests.SearchEngineTest" name="verifyResultsSetup" time="4.805">
    <failure message="Cannot invoke &quot;java.util.Properties.getProperty(String)&quot; because &quot;this.prop&quot; is null" type="java.lang.NullPointerException">java.lang.NullPointerException: Cannot invoke &quot;java.util.Properties.getProperty(String)&quot; because &quot;this.prop&quot; is null
	at com.searchengine.qa.tests.SearchEngineTest.verifyResultsSetup(SearchEngineTest.java:16)
</failure>
    <system-out>Configuring TestNG with: org.apache.maven.surefire.testng.conf.TestNG652Configurator@167fdd33
</system-out>
    <system-err>SLF4J(W): No SLF4J providers were found.
SLF4J(W): Defaulting to no-operation (NOP) logger implementation
SLF4J(W): See https://www.slf4j.org/codes.html#noProviders for further details.
Starting ChromeDriver 120.0.6099.109 (3419140ab665596f21b385ce136419fde0924272-refs/branch-heads/6099@{#1483}) on port 35760
Only local connections are allowed.
Please see https://chromedriver.chromium.org/security-considerations for suggestions on keeping ChromeDriver safe.
ChromeDriver was started successfully.
Jan 31, 2024 9:55:10 PM org.openqa.selenium.remote.ProtocolHandshake createSession
INFO: Detected dialect: W3C
</system-err>
  </testcase>
  <testcase classname="com.searchengine.qa.tests.SearchEngineTest" name="searchAndVerifyFirstResult" time="4.813">
    <skipped/>
  </testcase>
</testsuite>