<?xml version="1.0" encoding="UTF-8"?>
<testng-results ignored="0" total="4" passed="4" failed="0" skipped="0">
  <reporter-output>
    <line>
      <![CDATA[Assertion Passed for Search Term: jobs-noreply@linkedin.com is legitimate?]]>
    </line>
    <line>
      <![CDATA[Assertion Passed for Search Term: SpaceX rocket launches schedule]]>
    </line>
    <line>
      <![CDATA[Assertion Passed for Search Term:  Python 3.8 programming]]>
    </line>
    <line>
      <![CDATA[Assertion Passed for Search Term: 2024 Science & Technology trends]]>
    </line>
  </reporter-output>
  <suite started-at="2024-02-01T23:20:43Z" name="Default suite" finished-at="2024-02-01T23:21:36Z" duration-ms="52048">
    <groups>
    </groups>
    <test started-at="2024-02-01T23:20:43Z" name="Default test" finished-at="2024-02-01T23:21:36Z" duration-ms="52048">
      <class name="com.searchengine.qa.tests.SearchEngineTest">
        <test-method is-config="true" signature="setUp()[pri:0, instance:com.searchengine.qa.tests.SearchEngineTest@e57b96d]" started-at="2024-02-01T23:20:44Z" name="setUp" finished-at="2024-02-01T23:20:51Z" duration-ms="7537" status="PASS">
          <reporter-output>
          </reporter-output>
        </test-method> <!-- setUp -->
        <test-method signature="searchAndVerifyFirstResult(java.lang.String)[pri:0, instance:com.searchengine.qa.tests.SearchEngineTest@e57b96d]" started-at="2024-02-01T23:20:51Z" name="searchAndVerifyFirstResult" data-provider="getTestData" finished-at="2024-02-01T23:20:54Z" duration-ms="2513" status="PASS">
          <params>
            <param index="0">
              <value>
                <![CDATA[jobs-noreply@linkedin.com is legitimate?]]>
              </value>
            </param>
          </params>
          <reporter-output>
            <line>
              <![CDATA[Assertion Passed for Search Term: jobs-noreply@linkedin.com is legitimate?]]>
            </line>
          </reporter-output>
        </test-method> <!-- searchAndVerifyFirstResult -->
        <test-method is-config="true" signature="tearDown()[pri:0, instance:com.searchengine.qa.tests.SearchEngineTest@e57b96d]" started-at="2024-02-01T23:20:54Z" name="tearDown" finished-at="2024-02-01T23:20:54Z" duration-ms="855" status="PASS">
          <reporter-output>
          </reporter-output>
        </test-method> <!-- tearDown -->
        <test-method is-config="true" signature="setUp()[pri:0, instance:com.searchengine.qa.tests.SearchEngineTest@e57b96d]" started-at="2024-02-01T23:20:54Z" name="setUp" finished-at="2024-02-01T23:21:02Z" duration-ms="7942" status="PASS">
          <reporter-output>
          </reporter-output>
        </test-method> <!-- setUp -->
        <test-method signature="searchAndVerifyFirstResult(java.lang.String)[pri:0, instance:com.searchengine.qa.tests.SearchEngineTest@e57b96d]" started-at="2024-02-01T23:21:02Z" name="searchAndVerifyFirstResult" data-provider="getTestData" finished-at="2024-02-01T23:21:08Z" duration-ms="6110" status="PASS">
          <params>
            <param index="0">
              <value>
                <![CDATA[SpaceX rocket launches schedule]]>
              </value>
            </param>
          </params>
          <reporter-output>
            <line>
              <![CDATA[Assertion Passed for Search Term: SpaceX rocket launches schedule]]>
            </line>
          </reporter-output>
        </test-method> <!-- searchAndVerifyFirstResult -->
        <test-method is-config="true" signature="tearDown()[pri:0, instance:com.searchengine.qa.tests.SearchEngineTest@e57b96d]" started-at="2024-02-01T23:21:08Z" name="tearDown" finished-at="2024-02-01T23:21:10Z" duration-ms="1110" status="PASS">
          <reporter-output>
          </reporter-output>
        </test-method> <!-- tearDown -->
        <test-method is-config="true" signature="setUp()[pri:0, instance:com.searchengine.qa.tests.SearchEngineTest@e57b96d]" started-at="2024-02-01T23:21:10Z" name="setUp" finished-at="2024-02-01T23:21:16Z" duration-ms="6588" status="PASS">
          <reporter-output>
          </reporter-output>
        </test-method> <!-- setUp -->
        <test-method signature="searchAndVerifyFirstResult(java.lang.String)[pri:0, instance:com.searchengine.qa.tests.SearchEngineTest@e57b96d]" started-at="2024-02-01T23:21:16Z" name="searchAndVerifyFirstResult" data-provider="getTestData" finished-at="2024-02-01T23:21:23Z" duration-ms="6447" status="PASS">
          <params>
            <param index="0">
              <value>
                <![CDATA[ Python 3.8 programming]]>
              </value>
            </param>
          </params>
          <reporter-output>
            <line>
              <![CDATA[Assertion Passed for Search Term:  Python 3.8 programming]]>
            </line>
          </reporter-output>
        </test-method> <!-- searchAndVerifyFirstResult -->
        <test-method is-config="true" signature="tearDown()[pri:0, instance:com.searchengine.qa.tests.SearchEngineTest@e57b96d]" started-at="2024-02-01T23:21:23Z" name="tearDown" finished-at="2024-02-01T23:21:24Z" duration-ms="921" status="PASS">
          <reporter-output>
          </reporter-output>
        </test-method> <!-- tearDown -->
        <test-method is-config="true" signature="setUp()[pri:0, instance:com.searchengine.qa.tests.SearchEngineTest@e57b96d]" started-at="2024-02-01T23:21:24Z" name="setUp" finished-at="2024-02-01T23:21:29Z" duration-ms="5595" status="PASS">
          <reporter-output>
          </reporter-output>
        </test-method> <!-- setUp -->
        <test-method signature="searchAndVerifyFirstResult(java.lang.String)[pri:0, instance:com.searchengine.qa.tests.SearchEngineTest@e57b96d]" started-at="2024-02-01T23:21:29Z" name="searchAndVerifyFirstResult" data-provider="getTestData" finished-at="2024-02-01T23:21:34Z" duration-ms="5318" status="PASS">
          <params>
            <param index="0">
              <value>
                <![CDATA[2024 Science & Technology trends]]>
              </value>
            </param>
          </params>
          <reporter-output>
            <line>
              <![CDATA[Assertion Passed for Search Term: 2024 Science & Technology trends]]>
            </line>
          </reporter-output>
        </test-method> <!-- searchAndVerifyFirstResult -->
        <test-method is-config="true" signature="tearDown()[pri:0, instance:com.searchengine.qa.tests.SearchEngineTest@e57b96d]" started-at="2024-02-01T23:21:34Z" name="tearDown" finished-at="2024-02-01T23:21:36Z" duration-ms="1026" status="PASS">
          <reporter-output>
          </reporter-output>
        </test-method> <!-- tearDown -->
      </class> <!-- com.searchengine.qa.tests.SearchEngineTest -->
    </test> <!-- Default test -->
  </suite> <!-- Default suite -->
</testng-results>
