<?xml version="1.0" encoding="UTF-8"?>
<testng-results ignored="0" total="4" passed="4" failed="0" skipped="0">
  <reporter-output>
  </reporter-output>
  <suite started-at="2024-02-07T05:34:38Z" name="SearchEngine Assignment" finished-at="2024-02-07T05:35:01Z" duration-ms="23615">
    <groups>
    </groups>
    <test started-at="2024-02-07T05:34:38Z" name=" Google Search Engine" finished-at="2024-02-07T05:35:01Z" duration-ms="23615">
      <class name="com.searchengine.qa.tests.SearchEngineTest">
        <test-method is-config="true" signature="setUp(java.lang.String)[pri:0, instance:com.searchengine.qa.tests.SearchEngineTest@485966cc]" started-at="2024-02-07T05:34:38Z" name="setUp" finished-at="2024-02-07T05:34:41Z" duration-ms="3642" status="PASS">
          <params>
            <param index="0">
              <value>
                <![CDATA[google]]>
              </value>
            </param>
          </params>
          <reporter-output>
          </reporter-output>
        </test-method> <!-- setUp -->
        <test-method signature="searchAndVerifyFirstResult(java.lang.String)[pri:0, instance:com.searchengine.qa.tests.SearchEngineTest@485966cc]" started-at="2024-02-07T05:34:41Z" name="searchAndVerifyFirstResult" data-provider="getTestData" finished-at="2024-02-07T05:34:43Z" duration-ms="1452" status="PASS">
          <params>
            <param index="0">
              <value>
                <![CDATA[jobs-noreply@linkedin.com is legitimate?]]>
              </value>
            </param>
          </params>
          <reporter-output>
          </reporter-output>
        </test-method> <!-- searchAndVerifyFirstResult -->
        <test-method is-config="true" signature="tearDown()[pri:0, instance:com.searchengine.qa.tests.SearchEngineTest@485966cc]" started-at="2024-02-07T05:34:43Z" name="tearDown" finished-at="2024-02-07T05:34:43Z" duration-ms="760" status="PASS">
          <reporter-output>
          </reporter-output>
        </test-method> <!-- tearDown -->
        <test-method is-config="true" signature="setUp(java.lang.String)[pri:0, instance:com.searchengine.qa.tests.SearchEngineTest@485966cc]" started-at="2024-02-07T05:34:43Z" name="setUp" finished-at="2024-02-07T05:34:46Z" duration-ms="2619" status="PASS">
          <params>
            <param index="0">
              <value>
                <![CDATA[google]]>
              </value>
            </param>
          </params>
          <reporter-output>
          </reporter-output>
        </test-method> <!-- setUp -->
        <test-method signature="searchAndVerifyFirstResult(java.lang.String)[pri:0, instance:com.searchengine.qa.tests.SearchEngineTest@485966cc]" started-at="2024-02-07T05:34:46Z" name="searchAndVerifyFirstResult" data-provider="getTestData" finished-at="2024-02-07T05:34:49Z" duration-ms="2622" status="PASS">
          <params>
            <param index="0">
              <value>
                <![CDATA[SpaceX rocket launches schedule]]>
              </value>
            </param>
          </params>
          <reporter-output>
          </reporter-output>
        </test-method> <!-- searchAndVerifyFirstResult -->
        <test-method is-config="true" signature="tearDown()[pri:0, instance:com.searchengine.qa.tests.SearchEngineTest@485966cc]" started-at="2024-02-07T05:34:49Z" name="tearDown" finished-at="2024-02-07T05:34:49Z" duration-ms="743" status="PASS">
          <reporter-output>
          </reporter-output>
        </test-method> <!-- tearDown -->
        <test-method is-config="true" signature="setUp(java.lang.String)[pri:0, instance:com.searchengine.qa.tests.SearchEngineTest@485966cc]" started-at="2024-02-07T05:34:49Z" name="setUp" finished-at="2024-02-07T05:34:52Z" duration-ms="2516" status="PASS">
          <params>
            <param index="0">
              <value>
                <![CDATA[google]]>
              </value>
            </param>
          </params>
          <reporter-output>
          </reporter-output>
        </test-method> <!-- setUp -->
        <test-method signature="searchAndVerifyFirstResult(java.lang.String)[pri:0, instance:com.searchengine.qa.tests.SearchEngineTest@485966cc]" started-at="2024-02-07T05:34:52Z" name="searchAndVerifyFirstResult" data-provider="getTestData" finished-at="2024-02-07T05:34:53Z" duration-ms="1486" status="PASS">
          <params>
            <param index="0">
              <value>
                <![CDATA[ Python 3.8 programming]]>
              </value>
            </param>
          </params>
          <reporter-output>
          </reporter-output>
        </test-method> <!-- searchAndVerifyFirstResult -->
        <test-method is-config="true" signature="tearDown()[pri:0, instance:com.searchengine.qa.tests.SearchEngineTest@485966cc]" started-at="2024-02-07T05:34:53Z" name="tearDown" finished-at="2024-02-07T05:34:54Z" duration-ms="722" status="PASS">
          <reporter-output>
          </reporter-output>
        </test-method> <!-- tearDown -->
        <test-method is-config="true" signature="setUp(java.lang.String)[pri:0, instance:com.searchengine.qa.tests.SearchEngineTest@485966cc]" started-at="2024-02-07T05:34:54Z" name="setUp" finished-at="2024-02-07T05:34:57Z" duration-ms="2426" status="PASS">
          <params>
            <param index="0">
              <value>
                <![CDATA[google]]>
              </value>
            </param>
          </params>
          <reporter-output>
          </reporter-output>
        </test-method> <!-- setUp -->
        <test-method signature="searchAndVerifyFirstResult(java.lang.String)[pri:0, instance:com.searchengine.qa.tests.SearchEngineTest@485966cc]" started-at="2024-02-07T05:34:57Z" name="searchAndVerifyFirstResult" data-provider="getTestData" finished-at="2024-02-07T05:35:00Z" duration-ms="3915" status="PASS">
          <params>
            <param index="0">
              <value>
                <![CDATA[2024 Science & Technology trends]]>
              </value>
            </param>
          </params>
          <reporter-output>
          </reporter-output>
        </test-method> <!-- searchAndVerifyFirstResult -->
        <test-method is-config="true" signature="tearDown()[pri:0, instance:com.searchengine.qa.tests.SearchEngineTest@485966cc]" started-at="2024-02-07T05:35:00Z" name="tearDown" finished-at="2024-02-07T05:35:01Z" duration-ms="684" status="PASS">
          <reporter-output>
          </reporter-output>
        </test-method> <!-- tearDown -->
      </class> <!-- com.searchengine.qa.tests.SearchEngineTest -->
    </test> <!--  Google Search Engine -->
  </suite> <!-- SearchEngine Assignment -->
</testng-results>
